3/17/2025, 7:19:27 PM MDT [Modules] Modules initializing
3/17/2025, 7:19:27 PM MDT [Modules] Distribution: remote
3/17/2025, 7:19:27 PM MDT [Modules] Host updates: disabled
3/17/2025, 7:19:27 PM MDT [Modules] Module updates: enabled
3/17/2025, 7:19:27 PM MDT [Modules] Module install path: /home/lizard/.config/discord/0.0.78/modules
3/17/2025, 7:19:27 PM MDT [Modules] Module installed file path: /home/lizard/.config/discord/0.0.78/modules/installed.json
3/17/2025, 7:19:27 PM MDT [Modules] Module download path: /home/lizard/.config/discord/0.0.78/modules/pending
3/17/2025, 7:19:27 PM MDT [Modules] Bootstrapping...
3/17/2025, 7:19:27 PM MDT [Modules] Installing discord_desktop_core@0 from /nix/store/irxcc9jkfjmqyzh85w9hlldgn1yqwx2k-discord-0.0.78/opt/Discord/resources/bootstrap/discord_desktop_core.zip
3/17/2025, 7:19:27 PM MDT [Modules] Failed installing discord_desktop_core@0: Error: ENOENT: no such file or directory, open '/nix/store/irxcc9jkfjmqyzh85w9hlldgn1yqwx2k-discord-0.0.78/opt/Discord/resources/bootstrap/discord_desktop_core.zip'
3/17/2025, 7:19:27 PM MDT [Modules] Installing discord_erlpack@0 from /nix/store/irxcc9jkfjmqyzh85w9hlldgn1yqwx2k-discord-0.0.78/opt/Discord/resources/bootstrap/discord_erlpack.zip
3/17/2025, 7:19:27 PM MDT [Modules] Failed installing discord_erlpack@0: Error: ENOENT: no such file or directory, open '/nix/store/irxcc9jkfjmqyzh85w9hlldgn1yqwx2k-discord-0.0.78/opt/Discord/resources/bootstrap/discord_erlpack.zip'
3/17/2025, 7:19:27 PM MDT [Modules] Installing discord_spellcheck@0 from /nix/store/irxcc9jkfjmqyzh85w9hlldgn1yqwx2k-discord-0.0.78/opt/Discord/resources/bootstrap/discord_spellcheck.zip
3/17/2025, 7:19:27 PM MDT [Modules] Failed installing discord_spellcheck@0: Error: ENOENT: no such file or directory, open '/nix/store/irxcc9jkfjmqyzh85w9hlldgn1yqwx2k-discord-0.0.78/opt/Discord/resources/bootstrap/discord_spellcheck.zip'
3/17/2025, 7:19:27 PM MDT [Modules] Installing discord_utils@0 from /nix/store/irxcc9jkfjmqyzh85w9hlldgn1yqwx2k-discord-0.0.78/opt/Discord/resources/bootstrap/discord_utils.zip
3/17/2025, 7:19:27 PM MDT [Modules] Failed installing discord_utils@0: Error: ENOENT: no such file or directory, open '/nix/store/irxcc9jkfjmqyzh85w9hlldgn1yqwx2k-discord-0.0.78/opt/Discord/resources/bootstrap/discord_utils.zip'
3/17/2025, 7:19:27 PM MDT [Modules] Installing discord_voice@0 from /nix/store/irxcc9jkfjmqyzh85w9hlldgn1yqwx2k-discord-0.0.78/opt/Discord/resources/bootstrap/discord_voice.zip
3/17/2025, 7:19:27 PM MDT [Modules] Failed installing discord_voice@0: Error: ENOENT: no such file or directory, open '/nix/store/irxcc9jkfjmqyzh85w9hlldgn1yqwx2k-discord-0.0.78/opt/Discord/resources/bootstrap/discord_voice.zip'
3/17/2025, 7:19:27 PM MDT [Modules] Installing discord_zstd@0 from /nix/store/irxcc9jkfjmqyzh85w9hlldgn1yqwx2k-discord-0.0.78/opt/Discord/resources/bootstrap/discord_zstd.zip
3/17/2025, 7:19:27 PM MDT [Modules] Failed installing discord_zstd@0: Error: ENOENT: no such file or directory, open '/nix/store/irxcc9jkfjmqyzh85w9hlldgn1yqwx2k-discord-0.0.78/opt/Discord/resources/bootstrap/discord_zstd.zip'
3/17/2025, 7:19:27 PM MDT [Modules] Finished module installations. [success: 0] [failure: 6]
3/17/2025, 7:19:27 PM MDT [Modules] Host is up to date.
3/17/2025, 7:19:27 PM MDT [Modules] Checking for module updates at https://discord.com/api/modules/stable/versions.json
3/17/2025, 7:19:28 PM MDT [Modules] Module update available: discord_desktop_core@1 [installed: 0]
3/17/2025, 7:19:28 PM MDT [Modules] Module update available: discord_erlpack@1 [installed: 0]
3/17/2025, 7:19:28 PM MDT [Modules] Module update available: discord_spellcheck@1 [installed: 0]
3/17/2025, 7:19:28 PM MDT [Modules] Module update available: discord_utils@1 [installed: 0]
3/17/2025, 7:19:28 PM MDT [Modules] Module update available: discord_voice@1 [installed: 0]
3/17/2025, 7:19:28 PM MDT [Modules] Module update available: discord_zstd@1 [installed: 0]
3/17/2025, 7:19:28 PM MDT [Modules] Fetching discord_desktop_core@1 from https://discord.com/api/modules/stable/discord_desktop_core/1
3/17/2025, 7:19:28 PM MDT [Modules] Streaming discord_desktop_core@1 to /home/lizard/.config/discord/0.0.78/modules/pending/discord_desktop_core-1.zip
3/17/2025, 7:19:28 PM MDT [Modules] Streaming discord_desktop_core@1 to /home/lizard/.config/discord/0.0.78/modules/pending/discord_desktop_core-1.zip: 1%
3/17/2025, 7:19:28 PM MDT [Modules] Streaming discord_desktop_core@1 to /home/lizard/.config/discord/0.0.78/modules/pending/discord_desktop_core-1.zip: 2%
3/17/2025, 7:19:28 PM MDT [Modules] Streaming discord_desktop_core@1 to /home/lizard/.config/discord/0.0.78/modules/pending/discord_desktop_core-1.zip: 5%
3/17/2025, 7:19:28 PM MDT [Modules] Streaming discord_desktop_core@1 to /home/lizard/.config/discord/0.0.78/modules/pending/discord_desktop_core-1.zip: 7%
3/17/2025, 7:19:28 PM MDT [Modules] Streaming discord_desktop_core@1 to /home/lizard/.config/discord/0.0.78/modules/pending/discord_desktop_core-1.zip: 8%
3/17/2025, 7:19:28 PM MDT [Modules] Streaming discord_desktop_core@1 to /home/lizard/.config/discord/0.0.78/modules/pending/discord_desktop_core-1.zip: 10%
3/17/2025, 7:19:28 PM MDT [Modules] Streaming discord_desktop_core@1 to /home/lizard/.config/discord/0.0.78/modules/pending/discord_desktop_core-1.zip: 12%
3/17/2025, 7:19:28 PM MDT [Modules] Streaming discord_desktop_core@1 to /home/lizard/.config/discord/0.0.78/modules/pending/discord_desktop_core-1.zip: 13%
3/17/2025, 7:19:28 PM MDT [Modules] Streaming discord_desktop_core@1 to /home/lizard/.config/discord/0.0.78/modules/pending/discord_desktop_core-1.zip: 15%
3/17/2025, 7:19:28 PM MDT [Modules] Streaming discord_desktop_core@1 to /home/lizard/.config/discord/0.0.78/modules/pending/discord_desktop_core-1.zip: 25%
3/17/2025, 7:19:28 PM MDT [Modules] Streaming discord_desktop_core@1 to /home/lizard/.config/discord/0.0.78/modules/pending/discord_desktop_core-1.zip: 26%
3/17/2025, 7:19:28 PM MDT [Modules] Streaming discord_desktop_core@1 to /home/lizard/.config/discord/0.0.78/modules/pending/discord_desktop_core-1.zip: 28%
3/17/2025, 7:19:28 PM MDT [Modules] Streaming discord_desktop_core@1 to /home/lizard/.config/discord/0.0.78/modules/pending/discord_desktop_core-1.zip: 31%
3/17/2025, 7:19:28 PM MDT [Modules] Streaming discord_desktop_core@1 to /home/lizard/.config/discord/0.0.78/modules/pending/discord_desktop_core-1.zip: 35%
3/17/2025, 7:19:28 PM MDT [Modules] Streaming discord_desktop_core@1 to /home/lizard/.config/discord/0.0.78/modules/pending/discord_desktop_core-1.zip: 38%
3/17/2025, 7:19:28 PM MDT [Modules] Streaming discord_desktop_core@1 to /home/lizard/.config/discord/0.0.78/modules/pending/discord_desktop_core-1.zip: 39%
3/17/2025, 7:19:28 PM MDT [Modules] Streaming discord_desktop_core@1 to /home/lizard/.config/discord/0.0.78/modules/pending/discord_desktop_core-1.zip: 46%
3/17/2025, 7:19:28 PM MDT [Modules] Streaming discord_desktop_core@1 to /home/lizard/.config/discord/0.0.78/modules/pending/discord_desktop_core-1.zip: 49%
3/17/2025, 7:19:28 PM MDT [Modules] Streaming discord_desktop_core@1 to /home/lizard/.config/discord/0.0.78/modules/pending/discord_desktop_core-1.zip: 50%
3/17/2025, 7:19:28 PM MDT [Modules] Streaming discord_desktop_core@1 to /home/lizard/.config/discord/0.0.78/modules/pending/discord_desktop_core-1.zip: 54%
3/17/2025, 7:19:28 PM MDT [Modules] Streaming discord_desktop_core@1 to /home/lizard/.config/discord/0.0.78/modules/pending/discord_desktop_core-1.zip: 56%
3/17/2025, 7:19:28 PM MDT [Modules] Streaming discord_desktop_core@1 to /home/lizard/.config/discord/0.0.78/modules/pending/discord_desktop_core-1.zip: 62%
3/17/2025, 7:19:28 PM MDT [Modules] Streaming discord_desktop_core@1 to /home/lizard/.config/discord/0.0.78/modules/pending/discord_desktop_core-1.zip: 64%
3/17/2025, 7:19:28 PM MDT [Modules] Streaming discord_desktop_core@1 to /home/lizard/.config/discord/0.0.78/modules/pending/discord_desktop_core-1.zip: 65%
3/17/2025, 7:19:28 PM MDT [Modules] Streaming discord_desktop_core@1 to /home/lizard/.config/discord/0.0.78/modules/pending/discord_desktop_core-1.zip: 68%
3/17/2025, 7:19:28 PM MDT [Modules] Streaming discord_desktop_core@1 to /home/lizard/.config/discord/0.0.78/modules/pending/discord_desktop_core-1.zip: 69%
3/17/2025, 7:19:28 PM MDT [Modules] Streaming discord_desktop_core@1 to /home/lizard/.config/discord/0.0.78/modules/pending/discord_desktop_core-1.zip: 73%
3/17/2025, 7:19:28 PM MDT [Modules] Streaming discord_desktop_core@1 to /home/lizard/.config/discord/0.0.78/modules/pending/discord_desktop_core-1.zip: 76%
3/17/2025, 7:19:28 PM MDT [Modules] Streaming discord_desktop_core@1 to /home/lizard/.config/discord/0.0.78/modules/pending/discord_desktop_core-1.zip: 80%
3/17/2025, 7:19:28 PM MDT [Modules] Streaming discord_desktop_core@1 to /home/lizard/.config/discord/0.0.78/modules/pending/discord_desktop_core-1.zip: 82%
3/17/2025, 7:19:28 PM MDT [Modules] Streaming discord_desktop_core@1 to /home/lizard/.config/discord/0.0.78/modules/pending/discord_desktop_core-1.zip: 87%
3/17/2025, 7:19:28 PM MDT [Modules] Streaming discord_desktop_core@1 to /home/lizard/.config/discord/0.0.78/modules/pending/discord_desktop_core-1.zip: 90%
3/17/2025, 7:19:28 PM MDT [Modules] Streaming discord_desktop_core@1 to /home/lizard/.config/discord/0.0.78/modules/pending/discord_desktop_core-1.zip: 92%
3/17/2025, 7:19:28 PM MDT [Modules] Streaming discord_desktop_core@1 to /home/lizard/.config/discord/0.0.78/modules/pending/discord_desktop_core-1.zip: 95%
3/17/2025, 7:19:28 PM MDT [Modules] Streaming discord_desktop_core@1 to /home/lizard/.config/discord/0.0.78/modules/pending/discord_desktop_core-1.zip: 100%
3/17/2025, 7:19:28 PM MDT [Modules] Fetching discord_erlpack@1 from https://discord.com/api/modules/stable/discord_erlpack/1
3/17/2025, 7:19:28 PM MDT [Modules] Streaming discord_erlpack@1 to /home/lizard/.config/discord/0.0.78/modules/pending/discord_erlpack-1.zip
3/17/2025, 7:19:28 PM MDT [Modules] Streaming discord_erlpack@1 to /home/lizard/.config/discord/0.0.78/modules/pending/discord_erlpack-1.zip: 3%
3/17/2025, 7:19:28 PM MDT [Modules] Streaming discord_erlpack@1 to /home/lizard/.config/discord/0.0.78/modules/pending/discord_erlpack-1.zip: 6%
3/17/2025, 7:19:28 PM MDT [Modules] Streaming discord_erlpack@1 to /home/lizard/.config/discord/0.0.78/modules/pending/discord_erlpack-1.zip: 12%
3/17/2025, 7:19:28 PM MDT [Modules] Streaming discord_erlpack@1 to /home/lizard/.config/discord/0.0.78/modules/pending/discord_erlpack-1.zip: 19%
3/17/2025, 7:19:28 PM MDT [Modules] Streaming discord_erlpack@1 to /home/lizard/.config/discord/0.0.78/modules/pending/discord_erlpack-1.zip: 20%
3/17/2025, 7:19:28 PM MDT [Modules] Streaming discord_erlpack@1 to /home/lizard/.config/discord/0.0.78/modules/pending/discord_erlpack-1.zip: 27%
3/17/2025, 7:19:28 PM MDT [Modules] Streaming discord_erlpack@1 to /home/lizard/.config/discord/0.0.78/modules/pending/discord_erlpack-1.zip: 32%
3/17/2025, 7:19:28 PM MDT [Modules] Streaming discord_erlpack@1 to /home/lizard/.config/discord/0.0.78/modules/pending/discord_erlpack-1.zip: 33%
3/17/2025, 7:19:28 PM MDT [Modules] Streaming discord_erlpack@1 to /home/lizard/.config/discord/0.0.78/modules/pending/discord_erlpack-1.zip: 36%
3/17/2025, 7:19:28 PM MDT [Modules] Streaming discord_erlpack@1 to /home/lizard/.config/discord/0.0.78/modules/pending/discord_erlpack-1.zip: 39%
3/17/2025, 7:19:28 PM MDT [Modules] Streaming discord_erlpack@1 to /home/lizard/.config/discord/0.0.78/modules/pending/discord_erlpack-1.zip: 49%
3/17/2025, 7:19:28 PM MDT [Modules] Streaming discord_erlpack@1 to /home/lizard/.config/discord/0.0.78/modules/pending/discord_erlpack-1.zip: 55%
3/17/2025, 7:19:28 PM MDT [Modules] Streaming discord_erlpack@1 to /home/lizard/.config/discord/0.0.78/modules/pending/discord_erlpack-1.zip: 67%
3/17/2025, 7:19:28 PM MDT [Modules] Streaming discord_erlpack@1 to /home/lizard/.config/discord/0.0.78/modules/pending/discord_erlpack-1.zip: 82%
3/17/2025, 7:19:28 PM MDT [Modules] Streaming discord_erlpack@1 to /home/lizard/.config/discord/0.0.78/modules/pending/discord_erlpack-1.zip: 88%
3/17/2025, 7:19:28 PM MDT [Modules] Streaming discord_erlpack@1 to /home/lizard/.config/discord/0.0.78/modules/pending/discord_erlpack-1.zip: 95%
3/17/2025, 7:19:28 PM MDT [Modules] Streaming discord_erlpack@1 to /home/lizard/.config/discord/0.0.78/modules/pending/discord_erlpack-1.zip: 96%
3/17/2025, 7:19:28 PM MDT [Modules] Streaming discord_erlpack@1 to /home/lizard/.config/discord/0.0.78/modules/pending/discord_erlpack-1.zip: 98%
3/17/2025, 7:19:28 PM MDT [Modules] Streaming discord_erlpack@1 to /home/lizard/.config/discord/0.0.78/modules/pending/discord_erlpack-1.zip: 100%
3/17/2025, 7:19:28 PM MDT [Modules] Fetching discord_spellcheck@1 from https://discord.com/api/modules/stable/discord_spellcheck/1
3/17/2025, 7:19:28 PM MDT [Modules] Streaming discord_spellcheck@1 to /home/lizard/.config/discord/0.0.78/modules/pending/discord_spellcheck-1.zip
3/17/2025, 7:19:29 PM MDT [Modules] Streaming discord_spellcheck@1 to /home/lizard/.config/discord/0.0.78/modules/pending/discord_spellcheck-1.zip: 1%
3/17/2025, 7:19:29 PM MDT [Modules] Streaming discord_spellcheck@1 to /home/lizard/.config/discord/0.0.78/modules/pending/discord_spellcheck-1.zip: 2%
3/17/2025, 7:19:29 PM MDT [Modules] Streaming discord_spellcheck@1 to /home/lizard/.config/discord/0.0.78/modules/pending/discord_spellcheck-1.zip: 3%
3/17/2025, 7:19:29 PM MDT [Modules] Streaming discord_spellcheck@1 to /home/lizard/.config/discord/0.0.78/modules/pending/discord_spellcheck-1.zip: 4%
3/17/2025, 7:19:29 PM MDT [Modules] Streaming discord_spellcheck@1 to /home/lizard/.config/discord/0.0.78/modules/pending/discord_spellcheck-1.zip: 5%
3/17/2025, 7:19:29 PM MDT [Modules] Streaming discord_spellcheck@1 to /home/lizard/.config/discord/0.0.78/modules/pending/discord_spellcheck-1.zip: 6%
3/17/2025, 7:19:29 PM MDT [Modules] Streaming discord_spellcheck@1 to /home/lizard/.config/discord/0.0.78/modules/pending/discord_spellcheck-1.zip: 7%
3/17/2025, 7:19:29 PM MDT [Modules] Streaming discord_spellcheck@1 to /home/lizard/.config/discord/0.0.78/modules/pending/discord_spellcheck-1.zip: 8%
3/17/2025, 7:19:29 PM MDT [Modules] Streaming discord_spellcheck@1 to /home/lizard/.config/discord/0.0.78/modules/pending/discord_spellcheck-1.zip: 9%
3/17/2025, 7:19:29 PM MDT [Modules] Streaming discord_spellcheck@1 to /home/lizard/.config/discord/0.0.78/modules/pending/discord_spellcheck-1.zip: 10%
3/17/2025, 7:19:29 PM MDT [Modules] Streaming discord_spellcheck@1 to /home/lizard/.config/discord/0.0.78/modules/pending/discord_spellcheck-1.zip: 11%
3/17/2025, 7:19:29 PM MDT [Modules] Streaming discord_spellcheck@1 to /home/lizard/.config/discord/0.0.78/modules/pending/discord_spellcheck-1.zip: 12%
3/17/2025, 7:19:29 PM MDT [Modules] Streaming discord_spellcheck@1 to /home/lizard/.config/discord/0.0.78/modules/pending/discord_spellcheck-1.zip: 13%
3/17/2025, 7:19:29 PM MDT [Modules] Streaming discord_spellcheck@1 to /home/lizard/.config/discord/0.0.78/modules/pending/discord_spellcheck-1.zip: 14%
3/17/2025, 7:19:29 PM MDT [Modules] Streaming discord_spellcheck@1 to /home/lizard/.config/discord/0.0.78/modules/pending/discord_spellcheck-1.zip: 15%
3/17/2025, 7:19:29 PM MDT [Modules] Streaming discord_spellcheck@1 to /home/lizard/.config/discord/0.0.78/modules/pending/discord_spellcheck-1.zip: 16%
3/17/2025, 7:19:29 PM MDT [Modules] Streaming discord_spellcheck@1 to /home/lizard/.config/discord/0.0.78/modules/pending/discord_spellcheck-1.zip: 17%
3/17/2025, 7:19:29 PM MDT [Modules] Streaming discord_spellcheck@1 to /home/lizard/.config/discord/0.0.78/modules/pending/discord_spellcheck-1.zip: 18%
3/17/2025, 7:19:29 PM MDT [Modules] Streaming discord_spellcheck@1 to /home/lizard/.config/discord/0.0.78/modules/pending/discord_spellcheck-1.zip: 19%
3/17/2025, 7:19:29 PM MDT [Modules] Streaming discord_spellcheck@1 to /home/lizard/.config/discord/0.0.78/modules/pending/discord_spellcheck-1.zip: 20%
3/17/2025, 7:19:29 PM MDT [Modules] Streaming discord_spellcheck@1 to /home/lizard/.config/discord/0.0.78/modules/pending/discord_spellcheck-1.zip: 21%
3/17/2025, 7:19:29 PM MDT [Modules] Streaming discord_spellcheck@1 to /home/lizard/.config/discord/0.0.78/modules/pending/discord_spellcheck-1.zip: 22%
3/17/2025, 7:19:29 PM MDT [Modules] Streaming discord_spellcheck@1 to /home/lizard/.config/discord/0.0.78/modules/pending/discord_spellcheck-1.zip: 23%
3/17/2025, 7:19:29 PM MDT [Modules] Streaming discord_spellcheck@1 to /home/lizard/.config/discord/0.0.78/modules/pending/discord_spellcheck-1.zip: 25%
3/17/2025, 7:19:29 PM MDT [Modules] Streaming discord_spellcheck@1 to /home/lizard/.config/discord/0.0.78/modules/pending/discord_spellcheck-1.zip: 27%
3/17/2025, 7:19:29 PM MDT [Modules] Streaming discord_spellcheck@1 to /home/lizard/.config/discord/0.0.78/modules/pending/discord_spellcheck-1.zip: 28%
3/17/2025, 7:19:29 PM MDT [Modules] Streaming discord_spellcheck@1 to /home/lizard/.config/discord/0.0.78/modules/pending/discord_spellcheck-1.zip: 29%
3/17/2025, 7:19:29 PM MDT [Modules] Streaming discord_spellcheck@1 to /home/lizard/.config/discord/0.0.78/modules/pending/discord_spellcheck-1.zip: 30%
3/17/2025, 7:19:29 PM MDT [Modules] Streaming discord_spellcheck@1 to /home/lizard/.config/discord/0.0.78/modules/pending/discord_spellcheck-1.zip: 31%
3/17/2025, 7:19:29 PM MDT [Modules] Streaming discord_spellcheck@1 to /home/lizard/.config/discord/0.0.78/modules/pending/discord_spellcheck-1.zip: 32%
3/17/2025, 7:19:29 PM MDT [Modules] Streaming discord_spellcheck@1 to /home/lizard/.config/discord/0.0.78/modules/pending/discord_spellcheck-1.zip: 33%
3/17/2025, 7:19:29 PM MDT [Modules] Streaming discord_spellcheck@1 to /home/lizard/.config/discord/0.0.78/modules/pending/discord_spellcheck-1.zip: 34%
3/17/2025, 7:19:29 PM MDT [Modules] Streaming discord_spellcheck@1 to /home/lizard/.config/discord/0.0.78/modules/pending/discord_spellcheck-1.zip: 35%
3/17/2025, 7:19:29 PM MDT [Modules] Streaming discord_spellcheck@1 to /home/lizard/.config/discord/0.0.78/modules/pending/discord_spellcheck-1.zip: 36%
3/17/2025, 7:19:29 PM MDT [Modules] Streaming discord_spellcheck@1 to /home/lizard/.config/discord/0.0.78/modules/pending/discord_spellcheck-1.zip: 37%
3/17/2025, 7:19:29 PM MDT [Modules] Streaming discord_spellcheck@1 to /home/lizard/.config/discord/0.0.78/modules/pending/discord_spellcheck-1.zip: 38%
3/17/2025, 7:19:29 PM MDT [Modules] Streaming discord_spellcheck@1 to /home/lizard/.config/discord/0.0.78/modules/pending/discord_spellcheck-1.zip: 39%
3/17/2025, 7:19:29 PM MDT [Modules] Streaming discord_spellcheck@1 to /home/lizard/.config/discord/0.0.78/modules/pending/discord_spellcheck-1.zip: 40%
3/17/2025, 7:19:29 PM MDT [Modules] Streaming discord_spellcheck@1 to /home/lizard/.config/discord/0.0.78/modules/pending/discord_spellcheck-1.zip: 41%
3/17/2025, 7:19:29 PM MDT [Modules] Streaming discord_spellcheck@1 to /home/lizard/.config/discord/0.0.78/modules/pending/discord_spellcheck-1.zip: 42%
3/17/2025, 7:19:29 PM MDT [Modules] Streaming discord_spellcheck@1 to /home/lizard/.config/discord/0.0.78/modules/pending/discord_spellcheck-1.zip: 43%
3/17/2025, 7:19:29 PM MDT [Modules] Streaming discord_spellcheck@1 to /home/lizard/.config/discord/0.0.78/modules/pending/discord_spellcheck-1.zip: 44%
3/17/2025, 7:19:29 PM MDT [Modules] Streaming discord_spellcheck@1 to /home/lizard/.config/discord/0.0.78/modules/pending/discord_spellcheck-1.zip: 45%
3/17/2025, 7:19:29 PM MDT [Modules] Streaming discord_spellcheck@1 to /home/lizard/.config/discord/0.0.78/modules/pending/discord_spellcheck-1.zip: 46%
3/17/2025, 7:19:29 PM MDT [Modules] Streaming discord_spellcheck@1 to /home/lizard/.config/discord/0.0.78/modules/pending/discord_spellcheck-1.zip: 47%
3/17/2025, 7:19:29 PM MDT [Modules] Streaming discord_spellcheck@1 to /home/lizard/.config/discord/0.0.78/modules/pending/discord_spellcheck-1.zip: 48%
3/17/2025, 7:19:29 PM MDT [Modules] Streaming discord_spellcheck@1 to /home/lizard/.config/discord/0.0.78/modules/pending/discord_spellcheck-1.zip: 49%
3/17/2025, 7:19:29 PM MDT [Modules] Streaming discord_spellcheck@1 to /home/lizard/.config/discord/0.0.78/modules/pending/discord_spellcheck-1.zip: 50%
3/17/2025, 7:19:29 PM MDT [Modules] Streaming discord_spellcheck@1 to /home/lizard/.config/discord/0.0.78/modules/pending/discord_spellcheck-1.zip: 51%
3/17/2025, 7:19:29 PM MDT [Modules] Streaming discord_spellcheck@1 to /home/lizard/.config/discord/0.0.78/modules/pending/discord_spellcheck-1.zip: 52%
3/17/2025, 7:19:29 PM MDT [Modules] Streaming discord_spellcheck@1 to /home/lizard/.config/discord/0.0.78/modules/pending/discord_spellcheck-1.zip: 53%
3/17/2025, 7:19:29 PM MDT [Modules] Streaming discord_spellcheck@1 to /home/lizard/.config/discord/0.0.78/modules/pending/discord_spellcheck-1.zip: 54%
3/17/2025, 7:19:29 PM MDT [Modules] Streaming discord_spellcheck@1 to /home/lizard/.config/discord/0.0.78/modules/pending/discord_spellcheck-1.zip: 55%
3/17/2025, 7:19:29 PM MDT [Modules] Streaming discord_spellcheck@1 to /home/lizard/.config/discord/0.0.78/modules/pending/discord_spellcheck-1.zip: 56%
3/17/2025, 7:19:29 PM MDT [Modules] Streaming discord_spellcheck@1 to /home/lizard/.config/discord/0.0.78/modules/pending/discord_spellcheck-1.zip: 57%
3/17/2025, 7:19:29 PM MDT [Modules] Streaming discord_spellcheck@1 to /home/lizard/.config/discord/0.0.78/modules/pending/discord_spellcheck-1.zip: 59%
3/17/2025, 7:19:29 PM MDT [Modules] Streaming discord_spellcheck@1 to /home/lizard/.config/discord/0.0.78/modules/pending/discord_spellcheck-1.zip: 60%
3/17/2025, 7:19:29 PM MDT [Modules] Streaming discord_spellcheck@1 to /home/lizard/.config/discord/0.0.78/modules/pending/discord_spellcheck-1.zip: 61%
3/17/2025, 7:19:29 PM MDT [Modules] Streaming discord_spellcheck@1 to /home/lizard/.config/discord/0.0.78/modules/pending/discord_spellcheck-1.zip: 62%
3/17/2025, 7:19:29 PM MDT [Modules] Streaming discord_spellcheck@1 to /home/lizard/.config/discord/0.0.78/modules/pending/discord_spellcheck-1.zip: 63%
3/17/2025, 7:19:29 PM MDT [Modules] Streaming discord_spellcheck@1 to /home/lizard/.config/discord/0.0.78/modules/pending/discord_spellcheck-1.zip: 64%
3/17/2025, 7:19:29 PM MDT [Modules] Streaming discord_spellcheck@1 to /home/lizard/.config/discord/0.0.78/modules/pending/discord_spellcheck-1.zip: 65%
3/17/2025, 7:19:29 PM MDT [Modules] Streaming discord_spellcheck@1 to /home/lizard/.config/discord/0.0.78/modules/pending/discord_spellcheck-1.zip: 66%
3/17/2025, 7:19:29 PM MDT [Modules] Streaming discord_spellcheck@1 to /home/lizard/.config/discord/0.0.78/modules/pending/discord_spellcheck-1.zip: 67%
3/17/2025, 7:19:29 PM MDT [Modules] Streaming discord_spellcheck@1 to /home/lizard/.config/discord/0.0.78/modules/pending/discord_spellcheck-1.zip: 68%
3/17/2025, 7:19:29 PM MDT [Modules] Streaming discord_spellcheck@1 to /home/lizard/.config/discord/0.0.78/modules/pending/discord_spellcheck-1.zip: 69%
3/17/2025, 7:19:29 PM MDT [Modules] Streaming discord_spellcheck@1 to /home/lizard/.config/discord/0.0.78/modules/pending/discord_spellcheck-1.zip: 70%
3/17/2025, 7:19:29 PM MDT [Modules] Streaming discord_spellcheck@1 to /home/lizard/.config/discord/0.0.78/modules/pending/discord_spellcheck-1.zip: 72%
3/17/2025, 7:19:29 PM MDT [Modules] Streaming discord_spellcheck@1 to /home/lizard/.config/discord/0.0.78/modules/pending/discord_spellcheck-1.zip: 73%
3/17/2025, 7:19:29 PM MDT [Modules] Streaming discord_spellcheck@1 to /home/lizard/.config/discord/0.0.78/modules/pending/discord_spellcheck-1.zip: 74%
3/17/2025, 7:19:29 PM MDT [Modules] Streaming discord_spellcheck@1 to /home/lizard/.config/discord/0.0.78/modules/pending/discord_spellcheck-1.zip: 77%
3/17/2025, 7:19:29 PM MDT [Modules] Streaming discord_spellcheck@1 to /home/lizard/.config/discord/0.0.78/modules/pending/discord_spellcheck-1.zip: 78%
3/17/2025, 7:19:29 PM MDT [Modules] Streaming discord_spellcheck@1 to /home/lizard/.config/discord/0.0.78/modules/pending/discord_spellcheck-1.zip: 79%
3/17/2025, 7:19:29 PM MDT [Modules] Streaming discord_spellcheck@1 to /home/lizard/.config/discord/0.0.78/modules/pending/discord_spellcheck-1.zip: 81%
3/17/2025, 7:19:29 PM MDT [Modules] Streaming discord_spellcheck@1 to /home/lizard/.config/discord/0.0.78/modules/pending/discord_spellcheck-1.zip: 82%
3/17/2025, 7:19:29 PM MDT [Modules] Streaming discord_spellcheck@1 to /home/lizard/.config/discord/0.0.78/modules/pending/discord_spellcheck-1.zip: 83%
3/17/2025, 7:19:29 PM MDT [Modules] Streaming discord_spellcheck@1 to /home/lizard/.config/discord/0.0.78/modules/pending/discord_spellcheck-1.zip: 84%
3/17/2025, 7:19:29 PM MDT [Modules] Streaming discord_spellcheck@1 to /home/lizard/.config/discord/0.0.78/modules/pending/discord_spellcheck-1.zip: 85%
3/17/2025, 7:19:29 PM MDT [Modules] Streaming discord_spellcheck@1 to /home/lizard/.config/discord/0.0.78/modules/pending/discord_spellcheck-1.zip: 86%
3/17/2025, 7:19:29 PM MDT [Modules] Streaming discord_spellcheck@1 to /home/lizard/.config/discord/0.0.78/modules/pending/discord_spellcheck-1.zip: 87%
3/17/2025, 7:19:29 PM MDT [Modules] Streaming discord_spellcheck@1 to /home/lizard/.config/discord/0.0.78/modules/pending/discord_spellcheck-1.zip: 88%
3/17/2025, 7:19:29 PM MDT [Modules] Streaming discord_spellcheck@1 to /home/lizard/.config/discord/0.0.78/modules/pending/discord_spellcheck-1.zip: 89%
3/17/2025, 7:19:29 PM MDT [Modules] Streaming discord_spellcheck@1 to /home/lizard/.config/discord/0.0.78/modules/pending/discord_spellcheck-1.zip: 90%
3/17/2025, 7:19:29 PM MDT [Modules] Streaming discord_spellcheck@1 to /home/lizard/.config/discord/0.0.78/modules/pending/discord_spellcheck-1.zip: 91%
3/17/2025, 7:19:29 PM MDT [Modules] Streaming discord_spellcheck@1 to /home/lizard/.config/discord/0.0.78/modules/pending/discord_spellcheck-1.zip: 92%
3/17/2025, 7:19:29 PM MDT [Modules] Streaming discord_spellcheck@1 to /home/lizard/.config/discord/0.0.78/modules/pending/discord_spellcheck-1.zip: 93%
3/17/2025, 7:19:29 PM MDT [Modules] Streaming discord_spellcheck@1 to /home/lizard/.config/discord/0.0.78/modules/pending/discord_spellcheck-1.zip: 94%
3/17/2025, 7:19:29 PM MDT [Modules] Streaming discord_spellcheck@1 to /home/lizard/.config/discord/0.0.78/modules/pending/discord_spellcheck-1.zip: 95%
3/17/2025, 7:19:29 PM MDT [Modules] Streaming discord_spellcheck@1 to /home/lizard/.config/discord/0.0.78/modules/pending/discord_spellcheck-1.zip: 96%
3/17/2025, 7:19:29 PM MDT [Modules] Streaming discord_spellcheck@1 to /home/lizard/.config/discord/0.0.78/modules/pending/discord_spellcheck-1.zip: 97%
3/17/2025, 7:19:29 PM MDT [Modules] Streaming discord_spellcheck@1 to /home/lizard/.config/discord/0.0.78/modules/pending/discord_spellcheck-1.zip: 98%
3/17/2025, 7:19:29 PM MDT [Modules] Streaming discord_spellcheck@1 to /home/lizard/.config/discord/0.0.78/modules/pending/discord_spellcheck-1.zip: 99%
3/17/2025, 7:19:29 PM MDT [Modules] Streaming discord_spellcheck@1 to /home/lizard/.config/discord/0.0.78/modules/pending/discord_spellcheck-1.zip: 100%
3/17/2025, 7:19:29 PM MDT [Modules] Fetching discord_utils@1 from https://discord.com/api/modules/stable/discord_utils/1
3/17/2025, 7:19:29 PM MDT [Modules] Streaming discord_utils@1 to /home/lizard/.config/discord/0.0.78/modules/pending/discord_utils-1.zip
3/17/2025, 7:19:30 PM MDT [Modules] Streaming discord_utils@1 to /home/lizard/.config/discord/0.0.78/modules/pending/discord_utils-1.zip: 1%
3/17/2025, 7:19:30 PM MDT [Modules] Streaming discord_utils@1 to /home/lizard/.config/discord/0.0.78/modules/pending/discord_utils-1.zip: 2%
3/17/2025, 7:19:30 PM MDT [Modules] Streaming discord_utils@1 to /home/lizard/.config/discord/0.0.78/modules/pending/discord_utils-1.zip: 3%
3/17/2025, 7:19:30 PM MDT [Modules] Streaming discord_utils@1 to /home/lizard/.config/discord/0.0.78/modules/pending/discord_utils-1.zip: 4%
3/17/2025, 7:19:30 PM MDT [Modules] Streaming discord_utils@1 to /home/lizard/.config/discord/0.0.78/modules/pending/discord_utils-1.zip: 5%
3/17/2025, 7:19:30 PM MDT [Modules] Streaming discord_utils@1 to /home/lizard/.config/discord/0.0.78/modules/pending/discord_utils-1.zip: 6%
3/17/2025, 7:19:30 PM MDT [Modules] Streaming discord_utils@1 to /home/lizard/.config/discord/0.0.78/modules/pending/discord_utils-1.zip: 8%
3/17/2025, 7:19:30 PM MDT [Modules] Streaming discord_utils@1 to /home/lizard/.config/discord/0.0.78/modules/pending/discord_utils-1.zip: 9%
3/17/2025, 7:19:30 PM MDT [Modules] Streaming discord_utils@1 to /home/lizard/.config/discord/0.0.78/modules/pending/discord_utils-1.zip: 10%
3/17/2025, 7:19:30 PM MDT [Modules] Streaming discord_utils@1 to /home/lizard/.config/discord/0.0.78/modules/pending/discord_utils-1.zip: 11%
3/17/2025, 7:19:30 PM MDT [Modules] Streaming discord_utils@1 to /home/lizard/.config/discord/0.0.78/modules/pending/discord_utils-1.zip: 13%
3/17/2025, 7:19:30 PM MDT [Modules] Streaming discord_utils@1 to /home/lizard/.config/discord/0.0.78/modules/pending/discord_utils-1.zip: 14%
3/17/2025, 7:19:30 PM MDT [Modules] Streaming discord_utils@1 to /home/lizard/.config/discord/0.0.78/modules/pending/discord_utils-1.zip: 16%
3/17/2025, 7:19:30 PM MDT [Modules] Streaming discord_utils@1 to /home/lizard/.config/discord/0.0.78/modules/pending/discord_utils-1.zip: 17%
3/17/2025, 7:19:30 PM MDT [Modules] Streaming discord_utils@1 to /home/lizard/.config/discord/0.0.78/modules/pending/discord_utils-1.zip: 18%
3/17/2025, 7:19:30 PM MDT [Modules] Streaming discord_utils@1 to /home/lizard/.config/discord/0.0.78/modules/pending/discord_utils-1.zip: 19%
3/17/2025, 7:19:30 PM MDT [Modules] Streaming discord_utils@1 to /home/lizard/.config/discord/0.0.78/modules/pending/discord_utils-1.zip: 20%
3/17/2025, 7:19:30 PM MDT [Modules] Streaming discord_utils@1 to /home/lizard/.config/discord/0.0.78/modules/pending/discord_utils-1.zip: 21%
3/17/2025, 7:19:30 PM MDT [Modules] Streaming discord_utils@1 to /home/lizard/.config/discord/0.0.78/modules/pending/discord_utils-1.zip: 22%
3/17/2025, 7:19:30 PM MDT [Modules] Streaming discord_utils@1 to /home/lizard/.config/discord/0.0.78/modules/pending/discord_utils-1.zip: 25%
3/17/2025, 7:19:30 PM MDT [Modules] Streaming discord_utils@1 to /home/lizard/.config/discord/0.0.78/modules/pending/discord_utils-1.zip: 26%
3/17/2025, 7:19:30 PM MDT [Modules] Streaming discord_utils@1 to /home/lizard/.config/discord/0.0.78/modules/pending/discord_utils-1.zip: 29%
3/17/2025, 7:19:30 PM MDT [Modules] Streaming discord_utils@1 to /home/lizard/.config/discord/0.0.78/modules/pending/discord_utils-1.zip: 30%
3/17/2025, 7:19:30 PM MDT [Modules] Streaming discord_utils@1 to /home/lizard/.config/discord/0.0.78/modules/pending/discord_utils-1.zip: 31%
3/17/2025, 7:19:30 PM MDT [Modules] Streaming discord_utils@1 to /home/lizard/.config/discord/0.0.78/modules/pending/discord_utils-1.zip: 33%
3/17/2025, 7:19:30 PM MDT [Modules] Streaming discord_utils@1 to /home/lizard/.config/discord/0.0.78/modules/pending/discord_utils-1.zip: 34%
3/17/2025, 7:19:30 PM MDT [Modules] Streaming discord_utils@1 to /home/lizard/.config/discord/0.0.78/modules/pending/discord_utils-1.zip: 36%
3/17/2025, 7:19:30 PM MDT [Modules] Streaming discord_utils@1 to /home/lizard/.config/discord/0.0.78/modules/pending/discord_utils-1.zip: 37%
3/17/2025, 7:19:30 PM MDT [Modules] Streaming discord_utils@1 to /home/lizard/.config/discord/0.0.78/modules/pending/discord_utils-1.zip: 42%
3/17/2025, 7:19:30 PM MDT [Modules] Streaming discord_utils@1 to /home/lizard/.config/discord/0.0.78/modules/pending/discord_utils-1.zip: 43%
3/17/2025, 7:19:30 PM MDT [Modules] Streaming discord_utils@1 to /home/lizard/.config/discord/0.0.78/modules/pending/discord_utils-1.zip: 45%
3/17/2025, 7:19:30 PM MDT [Modules] Streaming discord_utils@1 to /home/lizard/.config/discord/0.0.78/modules/pending/discord_utils-1.zip: 46%
3/17/2025, 7:19:30 PM MDT [Modules] Streaming discord_utils@1 to /home/lizard/.config/discord/0.0.78/modules/pending/discord_utils-1.zip: 50%
3/17/2025, 7:19:30 PM MDT [Modules] Streaming discord_utils@1 to /home/lizard/.config/discord/0.0.78/modules/pending/discord_utils-1.zip: 51%
3/17/2025, 7:19:30 PM MDT [Modules] Streaming discord_utils@1 to /home/lizard/.config/discord/0.0.78/modules/pending/discord_utils-1.zip: 52%
3/17/2025, 7:19:30 PM MDT [Modules] Streaming discord_utils@1 to /home/lizard/.config/discord/0.0.78/modules/pending/discord_utils-1.zip: 54%
3/17/2025, 7:19:30 PM MDT [Modules] Streaming discord_utils@1 to /home/lizard/.config/discord/0.0.78/modules/pending/discord_utils-1.zip: 55%
3/17/2025, 7:19:30 PM MDT [Modules] Streaming discord_utils@1 to /home/lizard/.config/discord/0.0.78/modules/pending/discord_utils-1.zip: 56%
3/17/2025, 7:19:30 PM MDT [Modules] Streaming discord_utils@1 to /home/lizard/.config/discord/0.0.78/modules/pending/discord_utils-1.zip: 59%
3/17/2025, 7:19:30 PM MDT [Modules] Streaming discord_utils@1 to /home/lizard/.config/discord/0.0.78/modules/pending/discord_utils-1.zip: 62%
3/17/2025, 7:19:30 PM MDT [Modules] Streaming discord_utils@1 to /home/lizard/.config/discord/0.0.78/modules/pending/discord_utils-1.zip: 66%
3/17/2025, 7:19:30 PM MDT [Modules] Streaming discord_utils@1 to /home/lizard/.config/discord/0.0.78/modules/pending/discord_utils-1.zip: 67%
3/17/2025, 7:19:30 PM MDT [Modules] Streaming discord_utils@1 to /home/lizard/.config/discord/0.0.78/modules/pending/discord_utils-1.zip: 68%
3/17/2025, 7:19:30 PM MDT [Modules] Streaming discord_utils@1 to /home/lizard/.config/discord/0.0.78/modules/pending/discord_utils-1.zip: 69%
3/17/2025, 7:19:30 PM MDT [Modules] Streaming discord_utils@1 to /home/lizard/.config/discord/0.0.78/modules/pending/discord_utils-1.zip: 70%
3/17/2025, 7:19:30 PM MDT [Modules] Streaming discord_utils@1 to /home/lizard/.config/discord/0.0.78/modules/pending/discord_utils-1.zip: 71%
3/17/2025, 7:19:30 PM MDT [Modules] Streaming discord_utils@1 to /home/lizard/.config/discord/0.0.78/modules/pending/discord_utils-1.zip: 73%
3/17/2025, 7:19:30 PM MDT [Modules] Streaming discord_utils@1 to /home/lizard/.config/discord/0.0.78/modules/pending/discord_utils-1.zip: 75%
3/17/2025, 7:19:30 PM MDT [Modules] Streaming discord_utils@1 to /home/lizard/.config/discord/0.0.78/modules/pending/discord_utils-1.zip: 76%
3/17/2025, 7:19:30 PM MDT [Modules] Streaming discord_utils@1 to /home/lizard/.config/discord/0.0.78/modules/pending/discord_utils-1.zip: 77%
3/17/2025, 7:19:30 PM MDT [Modules] Streaming discord_utils@1 to /home/lizard/.config/discord/0.0.78/modules/pending/discord_utils-1.zip: 83%
3/17/2025, 7:19:30 PM MDT [Modules] Streaming discord_utils@1 to /home/lizard/.config/discord/0.0.78/modules/pending/discord_utils-1.zip: 90%
3/17/2025, 7:19:30 PM MDT [Modules] Streaming discord_utils@1 to /home/lizard/.config/discord/0.0.78/modules/pending/discord_utils-1.zip: 96%
3/17/2025, 7:19:30 PM MDT [Modules] Streaming discord_utils@1 to /home/lizard/.config/discord/0.0.78/modules/pending/discord_utils-1.zip: 100%
3/17/2025, 7:19:30 PM MDT [Modules] Fetching discord_voice@1 from https://discord.com/api/modules/stable/discord_voice/1
3/17/2025, 7:19:30 PM MDT [Modules] Streaming discord_voice@1 to /home/lizard/.config/discord/0.0.78/modules/pending/discord_voice-1.zip
3/17/2025, 7:19:30 PM MDT [Modules] Streaming discord_voice@1 to /home/lizard/.config/discord/0.0.78/modules/pending/discord_voice-1.zip: 1%
3/17/2025, 7:19:30 PM MDT [Modules] Streaming discord_voice@1 to /home/lizard/.config/discord/0.0.78/modules/pending/discord_voice-1.zip: 2%
3/17/2025, 7:19:30 PM MDT [Modules] Streaming discord_voice@1 to /home/lizard/.config/discord/0.0.78/modules/pending/discord_voice-1.zip: 3%
3/17/2025, 7:19:30 PM MDT [Modules] Streaming discord_voice@1 to /home/lizard/.config/discord/0.0.78/modules/pending/discord_voice-1.zip: 4%
3/17/2025, 7:19:30 PM MDT [Modules] Streaming discord_voice@1 to /home/lizard/.config/discord/0.0.78/modules/pending/discord_voice-1.zip: 5%
3/17/2025, 7:19:30 PM MDT [Modules] Streaming discord_voice@1 to /home/lizard/.config/discord/0.0.78/modules/pending/discord_voice-1.zip: 6%
3/17/2025, 7:19:30 PM MDT [Modules] Streaming discord_voice@1 to /home/lizard/.config/discord/0.0.78/modules/pending/discord_voice-1.zip: 7%
3/17/2025, 7:19:30 PM MDT [Modules] Streaming discord_voice@1 to /home/lizard/.config/discord/0.0.78/modules/pending/discord_voice-1.zip: 8%
3/17/2025, 7:19:30 PM MDT [Modules] Streaming discord_voice@1 to /home/lizard/.config/discord/0.0.78/modules/pending/discord_voice-1.zip: 9%
3/17/2025, 7:19:30 PM MDT [Modules] Streaming discord_voice@1 to /home/lizard/.config/discord/0.0.78/modules/pending/discord_voice-1.zip: 10%
3/17/2025, 7:19:30 PM MDT [Modules] Streaming discord_voice@1 to /home/lizard/.config/discord/0.0.78/modules/pending/discord_voice-1.zip: 12%
3/17/2025, 7:19:30 PM MDT [Modules] Streaming discord_voice@1 to /home/lizard/.config/discord/0.0.78/modules/pending/discord_voice-1.zip: 13%
3/17/2025, 7:19:30 PM MDT [Modules] Streaming discord_voice@1 to /home/lizard/.config/discord/0.0.78/modules/pending/discord_voice-1.zip: 14%
3/17/2025, 7:19:30 PM MDT [Modules] Streaming discord_voice@1 to /home/lizard/.config/discord/0.0.78/modules/pending/discord_voice-1.zip: 15%
3/17/2025, 7:19:30 PM MDT [Modules] Streaming discord_voice@1 to /home/lizard/.config/discord/0.0.78/modules/pending/discord_voice-1.zip: 16%
3/17/2025, 7:19:30 PM MDT [Modules] Streaming discord_voice@1 to /home/lizard/.config/discord/0.0.78/modules/pending/discord_voice-1.zip: 17%
3/17/2025, 7:19:30 PM MDT [Modules] Streaming discord_voice@1 to /home/lizard/.config/discord/0.0.78/modules/pending/discord_voice-1.zip: 18%
3/17/2025, 7:19:30 PM MDT [Modules] Streaming discord_voice@1 to /home/lizard/.config/discord/0.0.78/modules/pending/discord_voice-1.zip: 19%
3/17/2025, 7:19:30 PM MDT [Modules] Streaming discord_voice@1 to /home/lizard/.config/discord/0.0.78/modules/pending/discord_voice-1.zip: 20%
3/17/2025, 7:19:30 PM MDT [Modules] Streaming discord_voice@1 to /home/lizard/.config/discord/0.0.78/modules/pending/discord_voice-1.zip: 21%
3/17/2025, 7:19:30 PM MDT [Modules] Streaming discord_voice@1 to /home/lizard/.config/discord/0.0.78/modules/pending/discord_voice-1.zip: 22%
3/17/2025, 7:19:30 PM MDT [Modules] Streaming discord_voice@1 to /home/lizard/.config/discord/0.0.78/modules/pending/discord_voice-1.zip: 23%
3/17/2025, 7:19:30 PM MDT [Modules] Streaming discord_voice@1 to /home/lizard/.config/discord/0.0.78/modules/pending/discord_voice-1.zip: 24%
3/17/2025, 7:19:30 PM MDT [Modules] Streaming discord_voice@1 to /home/lizard/.config/discord/0.0.78/modules/pending/discord_voice-1.zip: 25%
3/17/2025, 7:19:30 PM MDT [Modules] Streaming discord_voice@1 to /home/lizard/.config/discord/0.0.78/modules/pending/discord_voice-1.zip: 26%
3/17/2025, 7:19:30 PM MDT [Modules] Streaming discord_voice@1 to /home/lizard/.config/discord/0.0.78/modules/pending/discord_voice-1.zip: 27%
3/17/2025, 7:19:30 PM MDT [Modules] Streaming discord_voice@1 to /home/lizard/.config/discord/0.0.78/modules/pending/discord_voice-1.zip: 28%
3/17/2025, 7:19:30 PM MDT [Modules] Streaming discord_voice@1 to /home/lizard/.config/discord/0.0.78/modules/pending/discord_voice-1.zip: 29%
3/17/2025, 7:19:30 PM MDT [Modules] Streaming discord_voice@1 to /home/lizard/.config/discord/0.0.78/modules/pending/discord_voice-1.zip: 30%
3/17/2025, 7:19:30 PM MDT [Modules] Streaming discord_voice@1 to /home/lizard/.config/discord/0.0.78/modules/pending/discord_voice-1.zip: 32%
3/17/2025, 7:19:30 PM MDT [Modules] Streaming discord_voice@1 to /home/lizard/.config/discord/0.0.78/modules/pending/discord_voice-1.zip: 33%
3/17/2025, 7:19:30 PM MDT [Modules] Streaming discord_voice@1 to /home/lizard/.config/discord/0.0.78/modules/pending/discord_voice-1.zip: 34%
3/17/2025, 7:19:30 PM MDT [Modules] Streaming discord_voice@1 to /home/lizard/.config/discord/0.0.78/modules/pending/discord_voice-1.zip: 35%
3/17/2025, 7:19:30 PM MDT [Modules] Streaming discord_voice@1 to /home/lizard/.config/discord/0.0.78/modules/pending/discord_voice-1.zip: 36%
3/17/2025, 7:19:30 PM MDT [Modules] Streaming discord_voice@1 to /home/lizard/.config/discord/0.0.78/modules/pending/discord_voice-1.zip: 37%
3/17/2025, 7:19:30 PM MDT [Modules] Streaming discord_voice@1 to /home/lizard/.config/discord/0.0.78/modules/pending/discord_voice-1.zip: 38%
3/17/2025, 7:19:30 PM MDT [Modules] Streaming discord_voice@1 to /home/lizard/.config/discord/0.0.78/modules/pending/discord_voice-1.zip: 39%
3/17/2025, 7:19:30 PM MDT [Modules] Streaming discord_voice@1 to /home/lizard/.config/discord/0.0.78/modules/pending/discord_voice-1.zip: 40%
3/17/2025, 7:19:30 PM MDT [Modules] Streaming discord_voice@1 to /home/lizard/.config/discord/0.0.78/modules/pending/discord_voice-1.zip: 41%
3/17/2025, 7:19:30 PM MDT [Modules] Streaming discord_voice@1 to /home/lizard/.config/discord/0.0.78/modules/pending/discord_voice-1.zip: 42%
3/17/2025, 7:19:30 PM MDT [Modules] Streaming discord_voice@1 to /home/lizard/.config/discord/0.0.78/modules/pending/discord_voice-1.zip: 43%
3/17/2025, 7:19:30 PM MDT [Modules] Streaming discord_voice@1 to /home/lizard/.config/discord/0.0.78/modules/pending/discord_voice-1.zip: 44%
3/17/2025, 7:19:30 PM MDT [Modules] Streaming discord_voice@1 to /home/lizard/.config/discord/0.0.78/modules/pending/discord_voice-1.zip: 45%
3/17/2025, 7:19:30 PM MDT [Modules] Streaming discord_voice@1 to /home/lizard/.config/discord/0.0.78/modules/pending/discord_voice-1.zip: 46%
3/17/2025, 7:19:30 PM MDT [Modules] Streaming discord_voice@1 to /home/lizard/.config/discord/0.0.78/modules/pending/discord_voice-1.zip: 47%
3/17/2025, 7:19:30 PM MDT [Modules] Streaming discord_voice@1 to /home/lizard/.config/discord/0.0.78/modules/pending/discord_voice-1.zip: 48%
3/17/2025, 7:19:30 PM MDT [Modules] Streaming discord_voice@1 to /home/lizard/.config/discord/0.0.78/modules/pending/discord_voice-1.zip: 49%
3/17/2025, 7:19:30 PM MDT [Modules] Streaming discord_voice@1 to /home/lizard/.config/discord/0.0.78/modules/pending/discord_voice-1.zip: 50%
3/17/2025, 7:19:30 PM MDT [Modules] Streaming discord_voice@1 to /home/lizard/.config/discord/0.0.78/modules/pending/discord_voice-1.zip: 51%
3/17/2025, 7:19:30 PM MDT [Modules] Streaming discord_voice@1 to /home/lizard/.config/discord/0.0.78/modules/pending/discord_voice-1.zip: 52%
3/17/2025, 7:19:30 PM MDT [Modules] Streaming discord_voice@1 to /home/lizard/.config/discord/0.0.78/modules/pending/discord_voice-1.zip: 53%
3/17/2025, 7:19:30 PM MDT [Modules] Streaming discord_voice@1 to /home/lizard/.config/discord/0.0.78/modules/pending/discord_voice-1.zip: 54%
3/17/2025, 7:19:30 PM MDT [Modules] Streaming discord_voice@1 to /home/lizard/.config/discord/0.0.78/modules/pending/discord_voice-1.zip: 55%
3/17/2025, 7:19:30 PM MDT [Modules] Streaming discord_voice@1 to /home/lizard/.config/discord/0.0.78/modules/pending/discord_voice-1.zip: 56%
3/17/2025, 7:19:30 PM MDT [Modules] Streaming discord_voice@1 to /home/lizard/.config/discord/0.0.78/modules/pending/discord_voice-1.zip: 57%
3/17/2025, 7:19:30 PM MDT [Modules] Streaming discord_voice@1 to /home/lizard/.config/discord/0.0.78/modules/pending/discord_voice-1.zip: 58%
3/17/2025, 7:19:30 PM MDT [Modules] Streaming discord_voice@1 to /home/lizard/.config/discord/0.0.78/modules/pending/discord_voice-1.zip: 59%
3/17/2025, 7:19:30 PM MDT [Modules] Streaming discord_voice@1 to /home/lizard/.config/discord/0.0.78/modules/pending/discord_voice-1.zip: 60%
3/17/2025, 7:19:30 PM MDT [Modules] Streaming discord_voice@1 to /home/lizard/.config/discord/0.0.78/modules/pending/discord_voice-1.zip: 61%
3/17/2025, 7:19:30 PM MDT [Modules] Streaming discord_voice@1 to /home/lizard/.config/discord/0.0.78/modules/pending/discord_voice-1.zip: 62%
3/17/2025, 7:19:30 PM MDT [Modules] Streaming discord_voice@1 to /home/lizard/.config/discord/0.0.78/modules/pending/discord_voice-1.zip: 63%
3/17/2025, 7:19:30 PM MDT [Modules] Streaming discord_voice@1 to /home/lizard/.config/discord/0.0.78/modules/pending/discord_voice-1.zip: 64%
3/17/2025, 7:19:30 PM MDT [Modules] Streaming discord_voice@1 to /home/lizard/.config/discord/0.0.78/modules/pending/discord_voice-1.zip: 65%
3/17/2025, 7:19:30 PM MDT [Modules] Streaming discord_voice@1 to /home/lizard/.config/discord/0.0.78/modules/pending/discord_voice-1.zip: 66%
3/17/2025, 7:19:30 PM MDT [Modules] Streaming discord_voice@1 to /home/lizard/.config/discord/0.0.78/modules/pending/discord_voice-1.zip: 67%
3/17/2025, 7:19:30 PM MDT [Modules] Streaming discord_voice@1 to /home/lizard/.config/discord/0.0.78/modules/pending/discord_voice-1.zip: 68%
3/17/2025, 7:19:30 PM MDT [Modules] Streaming discord_voice@1 to /home/lizard/.config/discord/0.0.78/modules/pending/discord_voice-1.zip: 69%
3/17/2025, 7:19:30 PM MDT [Modules] Streaming discord_voice@1 to /home/lizard/.config/discord/0.0.78/modules/pending/discord_voice-1.zip: 70%
3/17/2025, 7:19:30 PM MDT [Modules] Streaming discord_voice@1 to /home/lizard/.config/discord/0.0.78/modules/pending/discord_voice-1.zip: 71%
3/17/2025, 7:19:30 PM MDT [Modules] Streaming discord_voice@1 to /home/lizard/.config/discord/0.0.78/modules/pending/discord_voice-1.zip: 72%
3/17/2025, 7:19:30 PM MDT [Modules] Streaming discord_voice@1 to /home/lizard/.config/discord/0.0.78/modules/pending/discord_voice-1.zip: 73%
3/17/2025, 7:19:30 PM MDT [Modules] Streaming discord_voice@1 to /home/lizard/.config/discord/0.0.78/modules/pending/discord_voice-1.zip: 74%
3/17/2025, 7:19:30 PM MDT [Modules] Streaming discord_voice@1 to /home/lizard/.config/discord/0.0.78/modules/pending/discord_voice-1.zip: 75%
3/17/2025, 7:19:30 PM MDT [Modules] Streaming discord_voice@1 to /home/lizard/.config/discord/0.0.78/modules/pending/discord_voice-1.zip: 76%
3/17/2025, 7:19:30 PM MDT [Modules] Streaming discord_voice@1 to /home/lizard/.config/discord/0.0.78/modules/pending/discord_voice-1.zip: 77%
3/17/2025, 7:19:30 PM MDT [Modules] Streaming discord_voice@1 to /home/lizard/.config/discord/0.0.78/modules/pending/discord_voice-1.zip: 78%
3/17/2025, 7:19:30 PM MDT [Modules] Streaming discord_voice@1 to /home/lizard/.config/discord/0.0.78/modules/pending/discord_voice-1.zip: 79%
3/17/2025, 7:19:30 PM MDT [Modules] Streaming discord_voice@1 to /home/lizard/.config/discord/0.0.78/modules/pending/discord_voice-1.zip: 80%
3/17/2025, 7:19:30 PM MDT [Modules] Streaming discord_voice@1 to /home/lizard/.config/discord/0.0.78/modules/pending/discord_voice-1.zip: 81%
3/17/2025, 7:19:30 PM MDT [Modules] Streaming discord_voice@1 to /home/lizard/.config/discord/0.0.78/modules/pending/discord_voice-1.zip: 82%
3/17/2025, 7:19:30 PM MDT [Modules] Streaming discord_voice@1 to /home/lizard/.config/discord/0.0.78/modules/pending/discord_voice-1.zip: 83%
3/17/2025, 7:19:30 PM MDT [Modules] Streaming discord_voice@1 to /home/lizard/.config/discord/0.0.78/modules/pending/discord_voice-1.zip: 84%
3/17/2025, 7:19:30 PM MDT [Modules] Streaming discord_voice@1 to /home/lizard/.config/discord/0.0.78/modules/pending/discord_voice-1.zip: 85%
3/17/2025, 7:19:30 PM MDT [Modules] Streaming discord_voice@1 to /home/lizard/.config/discord/0.0.78/modules/pending/discord_voice-1.zip: 86%
3/17/2025, 7:19:30 PM MDT [Modules] Streaming discord_voice@1 to /home/lizard/.config/discord/0.0.78/modules/pending/discord_voice-1.zip: 89%
3/17/2025, 7:19:30 PM MDT [Modules] Streaming discord_voice@1 to /home/lizard/.config/discord/0.0.78/modules/pending/discord_voice-1.zip: 91%
3/17/2025, 7:19:30 PM MDT [Modules] Streaming discord_voice@1 to /home/lizard/.config/discord/0.0.78/modules/pending/discord_voice-1.zip: 92%
3/17/2025, 7:19:30 PM MDT [Modules] Streaming discord_voice@1 to /home/lizard/.config/discord/0.0.78/modules/pending/discord_voice-1.zip: 93%
3/17/2025, 7:19:30 PM MDT [Modules] Streaming discord_voice@1 to /home/lizard/.config/discord/0.0.78/modules/pending/discord_voice-1.zip: 94%
3/17/2025, 7:19:30 PM MDT [Modules] Streaming discord_voice@1 to /home/lizard/.config/discord/0.0.78/modules/pending/discord_voice-1.zip: 95%
3/17/2025, 7:19:30 PM MDT [Modules] Streaming discord_voice@1 to /home/lizard/.config/discord/0.0.78/modules/pending/discord_voice-1.zip: 96%
3/17/2025, 7:19:30 PM MDT [Modules] Streaming discord_voice@1 to /home/lizard/.config/discord/0.0.78/modules/pending/discord_voice-1.zip: 97%
3/17/2025, 7:19:30 PM MDT [Modules] Streaming discord_voice@1 to /home/lizard/.config/discord/0.0.78/modules/pending/discord_voice-1.zip: 98%
3/17/2025, 7:19:30 PM MDT [Modules] Streaming discord_voice@1 to /home/lizard/.config/discord/0.0.78/modules/pending/discord_voice-1.zip: 99%
3/17/2025, 7:19:30 PM MDT [Modules] Streaming discord_voice@1 to /home/lizard/.config/discord/0.0.78/modules/pending/discord_voice-1.zip: 100%
3/17/2025, 7:19:30 PM MDT [Modules] Fetching discord_zstd@1 from https://discord.com/api/modules/stable/discord_zstd/1
3/17/2025, 7:19:30 PM MDT [Modules] Streaming discord_zstd@1 to /home/lizard/.config/discord/0.0.78/modules/pending/discord_zstd-1.zip
3/17/2025, 7:19:31 PM MDT [Modules] Streaming discord_zstd@1 to /home/lizard/.config/discord/0.0.78/modules/pending/discord_zstd-1.zip: 10%
3/17/2025, 7:19:31 PM MDT [Modules] Streaming discord_zstd@1 to /home/lizard/.config/discord/0.0.78/modules/pending/discord_zstd-1.zip: 37%
3/17/2025, 7:19:31 PM MDT [Modules] Streaming discord_zstd@1 to /home/lizard/.config/discord/0.0.78/modules/pending/discord_zstd-1.zip: 68%
3/17/2025, 7:19:31 PM MDT [Modules] Streaming discord_zstd@1 to /home/lizard/.config/discord/0.0.78/modules/pending/discord_zstd-1.zip: 86%
3/17/2025, 7:19:31 PM MDT [Modules] Streaming discord_zstd@1 to /home/lizard/.config/discord/0.0.78/modules/pending/discord_zstd-1.zip: 87%
3/17/2025, 7:19:31 PM MDT [Modules] Streaming discord_zstd@1 to /home/lizard/.config/discord/0.0.78/modules/pending/discord_zstd-1.zip: 98%
3/17/2025, 7:19:31 PM MDT [Modules] Streaming discord_zstd@1 to /home/lizard/.config/discord/0.0.78/modules/pending/discord_zstd-1.zip: 100%
3/17/2025, 7:19:31 PM MDT [Modules] Finished module downloads. [success: 6] [failure: 0]
3/17/2025, 7:19:31 PM MDT [Modules] Installing updates...
3/17/2025, 7:19:31 PM MDT [Modules] Installing discord_desktop_core@1 from /home/lizard/.config/discord/0.0.78/modules/pending/discord_desktop_core-1.zip
3/17/2025, 7:19:31 PM MDT [Modules] Installing discord_erlpack@1 from /home/lizard/.config/discord/0.0.78/modules/pending/discord_erlpack-1.zip
3/17/2025, 7:19:31 PM MDT [Modules] Installing discord_spellcheck@1 from /home/lizard/.config/discord/0.0.78/modules/pending/discord_spellcheck-1.zip
3/17/2025, 7:19:32 PM MDT [Modules] Installing discord_utils@1 from /home/lizard/.config/discord/0.0.78/modules/pending/discord_utils-1.zip
3/17/2025, 7:19:32 PM MDT [Modules] Installing discord_voice@1 from /home/lizard/.config/discord/0.0.78/modules/pending/discord_voice-1.zip
3/17/2025, 7:19:33 PM MDT [Modules] Installing discord_zstd@1 from /home/lizard/.config/discord/0.0.78/modules/pending/discord_zstd-1.zip
3/17/2025, 7:19:33 PM MDT [Modules] Finished module installations. [success: 6] [failure: 0]
3/17/2025, 7:19:33 PM MDT [Modules] Host is up to date.
3/17/2025, 7:19:33 PM MDT [Modules] Checking for module updates at https://discord.com/api/modules/stable/versions.json
3/17/2025, 7:19:33 PM MDT [Modules] No module updates available.
3/17/2025, 7:19:34 PM MDT [Modules] Starting to install discord_krisp...
3/17/2025, 7:19:34 PM MDT [Modules] Fetching discord_krisp@1 from https://discord.com/api/modules/stable/discord_krisp/1
3/17/2025, 7:19:34 PM MDT [Modules] Streaming discord_krisp@1 to /home/lizard/.config/discord/0.0.78/modules/pending/discord_krisp-1.zip
3/17/2025, 7:19:34 PM MDT [Modules] Starting to install discord_game_utils...
3/17/2025, 7:19:34 PM MDT [Modules] Streaming discord_krisp@1 to /home/lizard/.config/discord/0.0.78/modules/pending/discord_krisp-1.zip: 1%
3/17/2025, 7:19:34 PM MDT [Modules] Streaming discord_krisp@1 to /home/lizard/.config/discord/0.0.78/modules/pending/discord_krisp-1.zip: 2%
3/17/2025, 7:19:34 PM MDT [Modules] Streaming discord_krisp@1 to /home/lizard/.config/discord/0.0.78/modules/pending/discord_krisp-1.zip: 3%
3/17/2025, 7:19:34 PM MDT [Modules] Streaming discord_krisp@1 to /home/lizard/.config/discord/0.0.78/modules/pending/discord_krisp-1.zip: 4%
3/17/2025, 7:19:34 PM MDT [Modules] Streaming discord_krisp@1 to /home/lizard/.config/discord/0.0.78/modules/pending/discord_krisp-1.zip: 5%
3/17/2025, 7:19:35 PM MDT [Modules] Streaming discord_krisp@1 to /home/lizard/.config/discord/0.0.78/modules/pending/discord_krisp-1.zip: 6%
3/17/2025, 7:19:35 PM MDT [Modules] Streaming discord_krisp@1 to /home/lizard/.config/discord/0.0.78/modules/pending/discord_krisp-1.zip: 7%
3/17/2025, 7:19:35 PM MDT [Modules] Streaming discord_krisp@1 to /home/lizard/.config/discord/0.0.78/modules/pending/discord_krisp-1.zip: 8%
3/17/2025, 7:19:35 PM MDT [Modules] Streaming discord_krisp@1 to /home/lizard/.config/discord/0.0.78/modules/pending/discord_krisp-1.zip: 9%
3/17/2025, 7:19:35 PM MDT [Modules] Streaming discord_krisp@1 to /home/lizard/.config/discord/0.0.78/modules/pending/discord_krisp-1.zip: 10%
3/17/2025, 7:19:35 PM MDT [Modules] Streaming discord_krisp@1 to /home/lizard/.config/discord/0.0.78/modules/pending/discord_krisp-1.zip: 12%
3/17/2025, 7:19:35 PM MDT [Modules] Streaming discord_krisp@1 to /home/lizard/.config/discord/0.0.78/modules/pending/discord_krisp-1.zip: 13%
3/17/2025, 7:19:35 PM MDT [Modules] Streaming discord_krisp@1 to /home/lizard/.config/discord/0.0.78/modules/pending/discord_krisp-1.zip: 14%
3/17/2025, 7:19:35 PM MDT [Modules] Streaming discord_krisp@1 to /home/lizard/.config/discord/0.0.78/modules/pending/discord_krisp-1.zip: 16%
3/17/2025, 7:19:35 PM MDT [Modules] Streaming discord_krisp@1 to /home/lizard/.config/discord/0.0.78/modules/pending/discord_krisp-1.zip: 19%
3/17/2025, 7:19:35 PM MDT [Modules] Streaming discord_krisp@1 to /home/lizard/.config/discord/0.0.78/modules/pending/discord_krisp-1.zip: 20%
3/17/2025, 7:19:35 PM MDT [Modules] Streaming discord_krisp@1 to /home/lizard/.config/discord/0.0.78/modules/pending/discord_krisp-1.zip: 21%
3/17/2025, 7:19:35 PM MDT [Modules] Streaming discord_krisp@1 to /home/lizard/.config/discord/0.0.78/modules/pending/discord_krisp-1.zip: 22%
3/17/2025, 7:19:35 PM MDT [Modules] Streaming discord_krisp@1 to /home/lizard/.config/discord/0.0.78/modules/pending/discord_krisp-1.zip: 23%
3/17/2025, 7:19:35 PM MDT [Modules] Streaming discord_krisp@1 to /home/lizard/.config/discord/0.0.78/modules/pending/discord_krisp-1.zip: 24%
3/17/2025, 7:19:35 PM MDT [Modules] Streaming discord_krisp@1 to /home/lizard/.config/discord/0.0.78/modules/pending/discord_krisp-1.zip: 25%
3/17/2025, 7:19:35 PM MDT [Modules] Streaming discord_krisp@1 to /home/lizard/.config/discord/0.0.78/modules/pending/discord_krisp-1.zip: 26%
3/17/2025, 7:19:35 PM MDT [Modules] Streaming discord_krisp@1 to /home/lizard/.config/discord/0.0.78/modules/pending/discord_krisp-1.zip: 27%
3/17/2025, 7:19:35 PM MDT [Modules] Streaming discord_krisp@1 to /home/lizard/.config/discord/0.0.78/modules/pending/discord_krisp-1.zip: 28%
3/17/2025, 7:19:35 PM MDT [Modules] Streaming discord_krisp@1 to /home/lizard/.config/discord/0.0.78/modules/pending/discord_krisp-1.zip: 29%
3/17/2025, 7:19:35 PM MDT [Modules] Streaming discord_krisp@1 to /home/lizard/.config/discord/0.0.78/modules/pending/discord_krisp-1.zip: 30%
3/17/2025, 7:19:35 PM MDT [Modules] Streaming discord_krisp@1 to /home/lizard/.config/discord/0.0.78/modules/pending/discord_krisp-1.zip: 31%
3/17/2025, 7:19:35 PM MDT [Modules] Streaming discord_krisp@1 to /home/lizard/.config/discord/0.0.78/modules/pending/discord_krisp-1.zip: 32%
3/17/2025, 7:19:35 PM MDT [Modules] Streaming discord_krisp@1 to /home/lizard/.config/discord/0.0.78/modules/pending/discord_krisp-1.zip: 33%
3/17/2025, 7:19:35 PM MDT [Modules] Streaming discord_krisp@1 to /home/lizard/.config/discord/0.0.78/modules/pending/discord_krisp-1.zip: 34%
3/17/2025, 7:19:35 PM MDT [Modules] Streaming discord_krisp@1 to /home/lizard/.config/discord/0.0.78/modules/pending/discord_krisp-1.zip: 35%
3/17/2025, 7:19:35 PM MDT [Modules] Streaming discord_krisp@1 to /home/lizard/.config/discord/0.0.78/modules/pending/discord_krisp-1.zip: 36%
3/17/2025, 7:19:35 PM MDT [Modules] Streaming discord_krisp@1 to /home/lizard/.config/discord/0.0.78/modules/pending/discord_krisp-1.zip: 37%
3/17/2025, 7:19:35 PM MDT [Modules] Streaming discord_krisp@1 to /home/lizard/.config/discord/0.0.78/modules/pending/discord_krisp-1.zip: 38%
3/17/2025, 7:19:35 PM MDT [Modules] Streaming discord_krisp@1 to /home/lizard/.config/discord/0.0.78/modules/pending/discord_krisp-1.zip: 39%
3/17/2025, 7:19:35 PM MDT [Modules] Streaming discord_krisp@1 to /home/lizard/.config/discord/0.0.78/modules/pending/discord_krisp-1.zip: 40%
3/17/2025, 7:19:35 PM MDT [Modules] Streaming discord_krisp@1 to /home/lizard/.config/discord/0.0.78/modules/pending/discord_krisp-1.zip: 41%
3/17/2025, 7:19:35 PM MDT [Modules] Streaming discord_krisp@1 to /home/lizard/.config/discord/0.0.78/modules/pending/discord_krisp-1.zip: 42%
3/17/2025, 7:19:35 PM MDT [Modules] Host is up to date.
3/17/2025, 7:19:35 PM MDT [Modules] Checking for module updates at https://discord.com/api/modules/stable/versions.json
3/17/2025, 7:19:35 PM MDT [Modules] No module updates available.
3/17/2025, 7:19:35 PM MDT [Modules] Streaming discord_krisp@1 to /home/lizard/.config/discord/0.0.78/modules/pending/discord_krisp-1.zip: 43%
3/17/2025, 7:19:35 PM MDT [Modules] Streaming discord_krisp@1 to /home/lizard/.config/discord/0.0.78/modules/pending/discord_krisp-1.zip: 44%
3/17/2025, 7:19:35 PM MDT [Modules] Streaming discord_krisp@1 to /home/lizard/.config/discord/0.0.78/modules/pending/discord_krisp-1.zip: 45%
3/17/2025, 7:19:35 PM MDT [Modules] Streaming discord_krisp@1 to /home/lizard/.config/discord/0.0.78/modules/pending/discord_krisp-1.zip: 46%
3/17/2025, 7:19:35 PM MDT [Modules] Streaming discord_krisp@1 to /home/lizard/.config/discord/0.0.78/modules/pending/discord_krisp-1.zip: 47%
3/17/2025, 7:19:35 PM MDT [Modules] Streaming discord_krisp@1 to /home/lizard/.config/discord/0.0.78/modules/pending/discord_krisp-1.zip: 48%
3/17/2025, 7:19:35 PM MDT [Modules] Streaming discord_krisp@1 to /home/lizard/.config/discord/0.0.78/modules/pending/discord_krisp-1.zip: 50%
3/17/2025, 7:19:35 PM MDT [Modules] Streaming discord_krisp@1 to /home/lizard/.config/discord/0.0.78/modules/pending/discord_krisp-1.zip: 51%
3/17/2025, 7:19:35 PM MDT [Modules] Streaming discord_krisp@1 to /home/lizard/.config/discord/0.0.78/modules/pending/discord_krisp-1.zip: 52%
3/17/2025, 7:19:35 PM MDT [Modules] Streaming discord_krisp@1 to /home/lizard/.config/discord/0.0.78/modules/pending/discord_krisp-1.zip: 53%
3/17/2025, 7:19:35 PM MDT [Modules] Streaming discord_krisp@1 to /home/lizard/.config/discord/0.0.78/modules/pending/discord_krisp-1.zip: 54%
3/17/2025, 7:19:35 PM MDT [Modules] Streaming discord_krisp@1 to /home/lizard/.config/discord/0.0.78/modules/pending/discord_krisp-1.zip: 55%
3/17/2025, 7:19:35 PM MDT [Modules] Streaming discord_krisp@1 to /home/lizard/.config/discord/0.0.78/modules/pending/discord_krisp-1.zip: 56%
3/17/2025, 7:19:35 PM MDT [Modules] Streaming discord_krisp@1 to /home/lizard/.config/discord/0.0.78/modules/pending/discord_krisp-1.zip: 57%
3/17/2025, 7:19:35 PM MDT [Modules] Streaming discord_krisp@1 to /home/lizard/.config/discord/0.0.78/modules/pending/discord_krisp-1.zip: 58%
3/17/2025, 7:19:35 PM MDT [Modules] Streaming discord_krisp@1 to /home/lizard/.config/discord/0.0.78/modules/pending/discord_krisp-1.zip: 61%
3/17/2025, 7:19:35 PM MDT [Modules] Streaming discord_krisp@1 to /home/lizard/.config/discord/0.0.78/modules/pending/discord_krisp-1.zip: 62%
3/17/2025, 7:19:35 PM MDT [Modules] Streaming discord_krisp@1 to /home/lizard/.config/discord/0.0.78/modules/pending/discord_krisp-1.zip: 63%
3/17/2025, 7:19:35 PM MDT [Modules] Streaming discord_krisp@1 to /home/lizard/.config/discord/0.0.78/modules/pending/discord_krisp-1.zip: 64%
3/17/2025, 7:19:35 PM MDT [Modules] Streaming discord_krisp@1 to /home/lizard/.config/discord/0.0.78/modules/pending/discord_krisp-1.zip: 65%
3/17/2025, 7:19:35 PM MDT [Modules] Streaming discord_krisp@1 to /home/lizard/.config/discord/0.0.78/modules/pending/discord_krisp-1.zip: 67%
3/17/2025, 7:19:35 PM MDT [Modules] Streaming discord_krisp@1 to /home/lizard/.config/discord/0.0.78/modules/pending/discord_krisp-1.zip: 68%
3/17/2025, 7:19:35 PM MDT [Modules] Streaming discord_krisp@1 to /home/lizard/.config/discord/0.0.78/modules/pending/discord_krisp-1.zip: 69%
3/17/2025, 7:19:35 PM MDT [Modules] Streaming discord_krisp@1 to /home/lizard/.config/discord/0.0.78/modules/pending/discord_krisp-1.zip: 70%
3/17/2025, 7:19:35 PM MDT [Modules] Streaming discord_krisp@1 to /home/lizard/.config/discord/0.0.78/modules/pending/discord_krisp-1.zip: 71%
3/17/2025, 7:19:35 PM MDT [Modules] Starting to install discord_rpc...
3/17/2025, 7:19:35 PM MDT [Modules] Streaming discord_krisp@1 to /home/lizard/.config/discord/0.0.78/modules/pending/discord_krisp-1.zip: 73%
3/17/2025, 7:19:35 PM MDT [Modules] Streaming discord_krisp@1 to /home/lizard/.config/discord/0.0.78/modules/pending/discord_krisp-1.zip: 74%
3/17/2025, 7:19:35 PM MDT [Modules] Streaming discord_krisp@1 to /home/lizard/.config/discord/0.0.78/modules/pending/discord_krisp-1.zip: 75%
3/17/2025, 7:19:35 PM MDT [Modules] Streaming discord_krisp@1 to /home/lizard/.config/discord/0.0.78/modules/pending/discord_krisp-1.zip: 77%
3/17/2025, 7:19:35 PM MDT [Modules] Streaming discord_krisp@1 to /home/lizard/.config/discord/0.0.78/modules/pending/discord_krisp-1.zip: 78%
3/17/2025, 7:19:35 PM MDT [Modules] Streaming discord_krisp@1 to /home/lizard/.config/discord/0.0.78/modules/pending/discord_krisp-1.zip: 79%
3/17/2025, 7:19:35 PM MDT [Modules] Streaming discord_krisp@1 to /home/lizard/.config/discord/0.0.78/modules/pending/discord_krisp-1.zip: 80%
3/17/2025, 7:19:35 PM MDT [Modules] Streaming discord_krisp@1 to /home/lizard/.config/discord/0.0.78/modules/pending/discord_krisp-1.zip: 81%
3/17/2025, 7:19:35 PM MDT [Modules] Streaming discord_krisp@1 to /home/lizard/.config/discord/0.0.78/modules/pending/discord_krisp-1.zip: 82%
3/17/2025, 7:19:35 PM MDT [Modules] Streaming discord_krisp@1 to /home/lizard/.config/discord/0.0.78/modules/pending/discord_krisp-1.zip: 83%
3/17/2025, 7:19:35 PM MDT [Modules] Streaming discord_krisp@1 to /home/lizard/.config/discord/0.0.78/modules/pending/discord_krisp-1.zip: 84%
3/17/2025, 7:19:35 PM MDT [Modules] Streaming discord_krisp@1 to /home/lizard/.config/discord/0.0.78/modules/pending/discord_krisp-1.zip: 85%
3/17/2025, 7:19:35 PM MDT [Modules] Streaming discord_krisp@1 to /home/lizard/.config/discord/0.0.78/modules/pending/discord_krisp-1.zip: 86%
3/17/2025, 7:19:35 PM MDT [Modules] Streaming discord_krisp@1 to /home/lizard/.config/discord/0.0.78/modules/pending/discord_krisp-1.zip: 87%
3/17/2025, 7:19:35 PM MDT [Modules] Streaming discord_krisp@1 to /home/lizard/.config/discord/0.0.78/modules/pending/discord_krisp-1.zip: 88%
3/17/2025, 7:19:35 PM MDT [Modules] Streaming discord_krisp@1 to /home/lizard/.config/discord/0.0.78/modules/pending/discord_krisp-1.zip: 89%
3/17/2025, 7:19:35 PM MDT [Modules] Streaming discord_krisp@1 to /home/lizard/.config/discord/0.0.78/modules/pending/discord_krisp-1.zip: 90%
3/17/2025, 7:19:35 PM MDT [Modules] Streaming discord_krisp@1 to /home/lizard/.config/discord/0.0.78/modules/pending/discord_krisp-1.zip: 92%
3/17/2025, 7:19:35 PM MDT [Modules] Streaming discord_krisp@1 to /home/lizard/.config/discord/0.0.78/modules/pending/discord_krisp-1.zip: 96%
3/17/2025, 7:19:35 PM MDT [Modules] Streaming discord_krisp@1 to /home/lizard/.config/discord/0.0.78/modules/pending/discord_krisp-1.zip: 97%
3/17/2025, 7:19:35 PM MDT [Modules] Streaming discord_krisp@1 to /home/lizard/.config/discord/0.0.78/modules/pending/discord_krisp-1.zip: 98%
3/17/2025, 7:19:35 PM MDT [Modules] Streaming discord_krisp@1 to /home/lizard/.config/discord/0.0.78/modules/pending/discord_krisp-1.zip: 100%
3/17/2025, 7:19:35 PM MDT [Modules] Fetching discord_game_utils@1 from https://discord.com/api/modules/stable/discord_game_utils/1
3/17/2025, 7:19:35 PM MDT [Modules] Streaming discord_game_utils@1 to /home/lizard/.config/discord/0.0.78/modules/pending/discord_game_utils-1.zip
3/17/2025, 7:19:35 PM MDT [Modules] Installing discord_krisp@1 from /home/lizard/.config/discord/0.0.78/modules/pending/discord_krisp-1.zip
3/17/2025, 7:19:36 PM MDT [Modules] Streaming discord_game_utils@1 to /home/lizard/.config/discord/0.0.78/modules/pending/discord_game_utils-1.zip: 1%
3/17/2025, 7:19:36 PM MDT [Modules] Streaming discord_game_utils@1 to /home/lizard/.config/discord/0.0.78/modules/pending/discord_game_utils-1.zip: 3%
3/17/2025, 7:19:36 PM MDT [Modules] Streaming discord_game_utils@1 to /home/lizard/.config/discord/0.0.78/modules/pending/discord_game_utils-1.zip: 4%
3/17/2025, 7:19:36 PM MDT [Modules] Streaming discord_game_utils@1 to /home/lizard/.config/discord/0.0.78/modules/pending/discord_game_utils-1.zip: 6%
3/17/2025, 7:19:36 PM MDT [Modules] Streaming discord_game_utils@1 to /home/lizard/.config/discord/0.0.78/modules/pending/discord_game_utils-1.zip: 7%
3/17/2025, 7:19:36 PM MDT [Modules] Streaming discord_game_utils@1 to /home/lizard/.config/discord/0.0.78/modules/pending/discord_game_utils-1.zip: 9%
3/17/2025, 7:19:36 PM MDT [Modules] Streaming discord_game_utils@1 to /home/lizard/.config/discord/0.0.78/modules/pending/discord_game_utils-1.zip: 11%
3/17/2025, 7:19:36 PM MDT [Modules] Streaming discord_game_utils@1 to /home/lizard/.config/discord/0.0.78/modules/pending/discord_game_utils-1.zip: 13%
3/17/2025, 7:19:36 PM MDT [Modules] Streaming discord_game_utils@1 to /home/lizard/.config/discord/0.0.78/modules/pending/discord_game_utils-1.zip: 15%
3/17/2025, 7:19:36 PM MDT [Modules] Streaming discord_game_utils@1 to /home/lizard/.config/discord/0.0.78/modules/pending/discord_game_utils-1.zip: 20%
3/17/2025, 7:19:36 PM MDT [Modules] Streaming discord_game_utils@1 to /home/lizard/.config/discord/0.0.78/modules/pending/discord_game_utils-1.zip: 21%
3/17/2025, 7:19:36 PM MDT [Modules] Streaming discord_game_utils@1 to /home/lizard/.config/discord/0.0.78/modules/pending/discord_game_utils-1.zip: 22%
3/17/2025, 7:19:36 PM MDT [Modules] Streaming discord_game_utils@1 to /home/lizard/.config/discord/0.0.78/modules/pending/discord_game_utils-1.zip: 24%
3/17/2025, 7:19:36 PM MDT [Modules] Streaming discord_game_utils@1 to /home/lizard/.config/discord/0.0.78/modules/pending/discord_game_utils-1.zip: 25%
3/17/2025, 7:19:36 PM MDT [Modules] Streaming discord_game_utils@1 to /home/lizard/.config/discord/0.0.78/modules/pending/discord_game_utils-1.zip: 26%
3/17/2025, 7:19:36 PM MDT [Modules] Streaming discord_game_utils@1 to /home/lizard/.config/discord/0.0.78/modules/pending/discord_game_utils-1.zip: 27%
3/17/2025, 7:19:36 PM MDT [Modules] Streaming discord_game_utils@1 to /home/lizard/.config/discord/0.0.78/modules/pending/discord_game_utils-1.zip: 28%
3/17/2025, 7:19:36 PM MDT [Modules] Streaming discord_game_utils@1 to /home/lizard/.config/discord/0.0.78/modules/pending/discord_game_utils-1.zip: 33%
3/17/2025, 7:19:36 PM MDT [Modules] Streaming discord_game_utils@1 to /home/lizard/.config/discord/0.0.78/modules/pending/discord_game_utils-1.zip: 34%
3/17/2025, 7:19:36 PM MDT [Modules] Streaming discord_game_utils@1 to /home/lizard/.config/discord/0.0.78/modules/pending/discord_game_utils-1.zip: 35%
3/17/2025, 7:19:36 PM MDT [Modules] Streaming discord_game_utils@1 to /home/lizard/.config/discord/0.0.78/modules/pending/discord_game_utils-1.zip: 36%
3/17/2025, 7:19:36 PM MDT [Modules] Streaming discord_game_utils@1 to /home/lizard/.config/discord/0.0.78/modules/pending/discord_game_utils-1.zip: 41%
3/17/2025, 7:19:36 PM MDT [Modules] Streaming discord_game_utils@1 to /home/lizard/.config/discord/0.0.78/modules/pending/discord_game_utils-1.zip: 50%
3/17/2025, 7:19:36 PM MDT [Modules] Streaming discord_game_utils@1 to /home/lizard/.config/discord/0.0.78/modules/pending/discord_game_utils-1.zip: 53%
3/17/2025, 7:19:36 PM MDT [Modules] Streaming discord_game_utils@1 to /home/lizard/.config/discord/0.0.78/modules/pending/discord_game_utils-1.zip: 55%
3/17/2025, 7:19:36 PM MDT [Modules] Streaming discord_game_utils@1 to /home/lizard/.config/discord/0.0.78/modules/pending/discord_game_utils-1.zip: 60%
3/17/2025, 7:19:36 PM MDT [Modules] Streaming discord_game_utils@1 to /home/lizard/.config/discord/0.0.78/modules/pending/discord_game_utils-1.zip: 64%
3/17/2025, 7:19:36 PM MDT [Modules] Streaming discord_game_utils@1 to /home/lizard/.config/discord/0.0.78/modules/pending/discord_game_utils-1.zip: 69%
3/17/2025, 7:19:36 PM MDT [Modules] Streaming discord_game_utils@1 to /home/lizard/.config/discord/0.0.78/modules/pending/discord_game_utils-1.zip: 74%
3/17/2025, 7:19:36 PM MDT [Modules] Streaming discord_game_utils@1 to /home/lizard/.config/discord/0.0.78/modules/pending/discord_game_utils-1.zip: 75%
3/17/2025, 7:19:36 PM MDT [Modules] Streaming discord_game_utils@1 to /home/lizard/.config/discord/0.0.78/modules/pending/discord_game_utils-1.zip: 76%
3/17/2025, 7:19:36 PM MDT [Modules] Streaming discord_game_utils@1 to /home/lizard/.config/discord/0.0.78/modules/pending/discord_game_utils-1.zip: 80%
3/17/2025, 7:19:36 PM MDT [Modules] Streaming discord_game_utils@1 to /home/lizard/.config/discord/0.0.78/modules/pending/discord_game_utils-1.zip: 86%
3/17/2025, 7:19:36 PM MDT [Modules] Streaming discord_game_utils@1 to /home/lizard/.config/discord/0.0.78/modules/pending/discord_game_utils-1.zip: 87%
3/17/2025, 7:19:36 PM MDT [Modules] Streaming discord_game_utils@1 to /home/lizard/.config/discord/0.0.78/modules/pending/discord_game_utils-1.zip: 90%
3/17/2025, 7:19:36 PM MDT [Modules] Streaming discord_game_utils@1 to /home/lizard/.config/discord/0.0.78/modules/pending/discord_game_utils-1.zip: 92%
3/17/2025, 7:19:36 PM MDT [Modules] Streaming discord_game_utils@1 to /home/lizard/.config/discord/0.0.78/modules/pending/discord_game_utils-1.zip: 94%
3/17/2025, 7:19:36 PM MDT [Modules] Streaming discord_game_utils@1 to /home/lizard/.config/discord/0.0.78/modules/pending/discord_game_utils-1.zip: 98%
3/17/2025, 7:19:36 PM MDT [Modules] Streaming discord_game_utils@1 to /home/lizard/.config/discord/0.0.78/modules/pending/discord_game_utils-1.zip: 100%
3/17/2025, 7:19:36 PM MDT [Modules] Fetching discord_rpc@1 from https://discord.com/api/modules/stable/discord_rpc/1
3/17/2025, 7:19:36 PM MDT [Modules] Streaming discord_rpc@1 to /home/lizard/.config/discord/0.0.78/modules/pending/discord_rpc-1.zip
3/17/2025, 7:19:36 PM MDT [Modules] Streaming discord_rpc@1 to /home/lizard/.config/discord/0.0.78/modules/pending/discord_rpc-1.zip: 100%
3/17/2025, 7:19:36 PM MDT [Modules] Finished module downloads. [success: 3] [failure: 0]
3/17/2025, 7:19:36 PM MDT [Modules] Installing discord_game_utils@1 from /home/lizard/.config/discord/0.0.78/modules/pending/discord_game_utils-1.zip
3/17/2025, 7:19:36 PM MDT [Modules] Installing discord_rpc@1 from /home/lizard/.config/discord/0.0.78/modules/pending/discord_rpc-1.zip
3/17/2025, 7:19:36 PM MDT [Modules] Finished module installations. [success: 3] [failure: 0]
3/17/2025, 8:19:35 PM MDT [Modules] Host is up to date.
3/17/2025, 8:19:35 PM MDT [Modules] Checking for module updates at https://discord.com/api/modules/stable/versions.json
3/17/2025, 8:19:36 PM MDT [Modules] No module updates available.
3/17/2025, 9:19:35 PM MDT [Modules] Host is up to date.
3/17/2025, 9:19:35 PM MDT [Modules] Checking for module updates at https://discord.com/api/modules/stable/versions.json
3/17/2025, 9:19:35 PM MDT [Modules] No module updates available.
3/17/2025, 10:19:35 PM MDT [Modules] Host is up to date.
3/17/2025, 10:19:35 PM MDT [Modules] Checking for module updates at https://discord.com/api/modules/stable/versions.json
3/17/2025, 10:19:36 PM MDT [Modules] No module updates available.
3/17/2025, 11:19:35 PM MDT [Modules] Host is up to date.
3/17/2025, 11:19:35 PM MDT [Modules] Checking for module updates at https://discord.com/api/modules/stable/versions.json
3/17/2025, 11:19:35 PM MDT [Modules] No module updates available.
3/18/2025, 12:19:35 AM MDT [Modules] Host is up to date.
3/18/2025, 12:19:35 AM MDT [Modules] Checking for module updates at https://discord.com/api/modules/stable/versions.json
3/18/2025, 12:19:36 AM MDT [Modules] No module updates available.
